  [1m[35mSQL (0.1ms)[0m  [1m[35mSET search_path TO public /*application='ApiTransaction'*/[0m
  [1m[35m (95.8ms)[0m  [1m[35mCREATE DATABASE "api_transaction_development" ENCODING = 'unicode' /*application='ApiTransaction'*/[0m
  [1m[35mSQL (0.0ms)[0m  [1m[35mSET search_path TO public /*application='ApiTransaction'*/[0m
  [1m[35m (60.7ms)[0m  [1m[35mCREATE DATABASE "api_transaction_test" ENCODING = 'unicode' /*application='ApiTransaction'*/[0m
  [1m[35m (4.7ms)[0m  [1m[35mCREATE TABLE "schema_migrations" ("version" character varying NOT NULL PRIMARY KEY) /*application='ApiTransaction'*/[0m
  [1m[35m (3.2ms)[0m  [1m[35mCREATE TABLE "ar_internal_metadata" ("key" character varying NOT NULL PRIMARY KEY, "value" character varying, "created_at" timestamp(6) NOT NULL, "updated_at" timestamp(6) NOT NULL) /*application='ApiTransaction'*/[0m
  [1m[35m (0.1ms)[0m  [1m[34mSELECT pg_try_advisory_lock(6519849918641668245) /*application='ApiTransaction'*/[0m
  [1m[36mActiveRecord::SchemaMigration Load (0.8ms)[0m  [1m[34mSELECT "schema_migrations"."version" FROM "schema_migrations" ORDER BY "schema_migrations"."version" ASC /*application='ApiTransaction'*/[0m
  [1m[36mActiveRecord::InternalMetadata Load (0.8ms)[0m  [1m[34mSELECT * FROM "ar_internal_metadata" WHERE "ar_internal_metadata"."key" = 'environment' ORDER BY "ar_internal_metadata"."key" ASC LIMIT 1 /*application='ApiTransaction'*/[0m
  [1m[36mActiveRecord::InternalMetadata Create (0.5ms)[0m  [1m[32mINSERT INTO "ar_internal_metadata" ("key", "value", "created_at", "updated_at") VALUES ('environment', 'development', '2025-05-22 19:49:45.212786', '2025-05-22 19:49:45.212787') RETURNING "key" /*application='ApiTransaction'*/[0m
Migrating to CreateUsers (20250522194846)
  [1m[36mTRANSACTION (0.1ms)[0m  [1m[35mBEGIN /*application='ApiTransaction'*/[0m
  [1m[35m (9.0ms)[0m  [1m[35mCREATE TABLE "users" ("id" bigserial primary key, "name" character varying, "btc_wallet" decimal, "usd_wallet" decimal, "created_at" timestamp(6) NOT NULL, "updated_at" timestamp(6) NOT NULL) /*application='ApiTransaction'*/[0m
  [1m[36mActiveRecord::SchemaMigration Create (0.5ms)[0m  [1m[32mINSERT INTO "schema_migrations" ("version") VALUES ('20250522194846') RETURNING "version" /*application='ApiTransaction'*/[0m
  [1m[36mTRANSACTION (0.5ms)[0m  [1m[35mCOMMIT /*application='ApiTransaction'*/[0m
  [1m[35m (0.5ms)[0m  [1m[34mSELECT pg_advisory_unlock(6519849918641668245) /*application='ApiTransaction'*/[0m
  [1m[36mActiveRecord::SchemaMigration Load (0.2ms)[0m  [1m[34mSELECT "schema_migrations"."version" FROM "schema_migrations" ORDER BY "schema_migrations"."version" ASC /*application='ApiTransaction'*/[0m
Started GET "/users" for ::1 at 2025-05-22 15:11:29 -0600
  [1m[36mActiveRecord::SchemaMigration Load (1.1ms)[0m  [1m[34mSELECT "schema_migrations"."version" FROM "schema_migrations" ORDER BY "schema_migrations"."version" ASC /*application='ApiTransaction'*/[0m
Processing by UsersController#index as */*
  [1m[36mUser Load (13.8ms)[0m  [1m[34mSELECT "users".* FROM "users" /*action='index',application='ApiTransaction',controller='users'*/[0m
  ↳ app/controllers/users_controller.rb:8:in 'UsersController#index'
Completed 200 OK in 28ms (Views: -3.3ms | ActiveRecord: 19.3ms (1 query, 0 cached) | GC: 0.0ms)


Started POST "/users" for ::1 at 2025-05-22 15:12:09 -0600
Processing by UsersController#create as */*
  Parameters: {"name" => "Alejandra", "btc_wallet" => 0.00192734, "usd_wallet" => 100.12, "user" => {"name" => "Alejandra", "btc_wallet" => 0.00192734, "usd_wallet" => 100.12}}
  [1m[36mTRANSACTION (0.3ms)[0m  [1m[35mBEGIN /*action='create',application='ApiTransaction',controller='users'*/[0m
  ↳ app/controllers/users_controller.rb:20:in 'UsersController#create'
  [1m[36mUser Create (5.3ms)[0m  [1m[32mINSERT INTO "users" ("name", "btc_wallet", "usd_wallet", "created_at", "updated_at") VALUES ('Alejandra', 0.00192734, 100.12, '2025-05-22 21:12:09.509823', '2025-05-22 21:12:09.509823') RETURNING "id" /*action='create',application='ApiTransaction',controller='users'*/[0m
  ↳ app/controllers/users_controller.rb:20:in 'UsersController#create'
  [1m[36mTRANSACTION (0.5ms)[0m  [1m[35mCOMMIT /*action='create',application='ApiTransaction',controller='users'*/[0m
  ↳ app/controllers/users_controller.rb:20:in 'UsersController#create'
Completed 201 Created in 57ms (Views: 3.9ms | ActiveRecord: 15.1ms (1 query, 0 cached) | GC: 0.0ms)


Started PATCH "/users" for ::1 at 2025-05-22 15:12:35 -0600
  
ActionController::RoutingError (No route matches [PATCH] "/users"):
  
Started PATCH "/users/1" for ::1 at 2025-05-22 15:12:41 -0600
Processing by UsersController#update as */*
  Parameters: {"name" => "Alejandra", "id" => "1", "user" => {"name" => "Alejandra"}}
  [1m[36mUser Load (0.8ms)[0m  [1m[34mSELECT "users".* FROM "users" WHERE "users"."id" = 1 LIMIT 1 /*action='update',application='ApiTransaction',controller='users'*/[0m
  ↳ app/controllers/users_controller.rb:44:in 'UsersController#set_user'
Completed 200 OK in 50ms (Views: 6.4ms | ActiveRecord: 0.8ms (1 query, 0 cached) | GC: 0.0ms)


Started PATCH "/users/1" for ::1 at 2025-05-22 15:15:35 -0600
  [1m[36mActiveRecord::SchemaMigration Load (0.9ms)[0m  [1m[34mSELECT "schema_migrations"."version" FROM "schema_migrations" ORDER BY "schema_migrations"."version" ASC /*application='ApiTransaction'*/[0m
Processing by UsersController#update as */*
  Parameters: {"name" => 0, "btc_wallet" => 0.00192734, "usd_wallet" => 100.12, "id" => "1", "user" => {"name" => 0, "btc_wallet" => 0.00192734, "usd_wallet" => 100.12}}
  [1m[36mUser Load (0.4ms)[0m  [1m[34mSELECT "users".* FROM "users" WHERE "users"."id" = 1 LIMIT 1 /*action='update',application='ApiTransaction',controller='users'*/[0m
  ↳ app/controllers/users_controller.rb:44:in 'UsersController#set_user'
  [1m[36mTRANSACTION (0.4ms)[0m  [1m[35mBEGIN /*action='update',application='ApiTransaction',controller='users'*/[0m
  ↳ app/controllers/users_controller.rb:29:in 'UsersController#update'
  [1m[36mUser Update (3.1ms)[0m  [1m[33mUPDATE "users" SET "name" = '0', "updated_at" = '2025-05-22 21:15:35.418606' WHERE "users"."id" = 1 /*action='update',application='ApiTransaction',controller='users'*/[0m
  ↳ app/controllers/users_controller.rb:29:in 'UsersController#update'
  [1m[36mTRANSACTION (0.4ms)[0m  [1m[35mCOMMIT /*action='update',application='ApiTransaction',controller='users'*/[0m
  ↳ app/controllers/users_controller.rb:29:in 'UsersController#update'
Completed 200 OK in 38ms (Views: 3.1ms | ActiveRecord: 25.1ms (2 queries, 0 cached) | GC: 0.0ms)


Started PATCH "/users/1" for ::1 at 2025-05-22 15:15:47 -0600
Error occurred while parsing request parameters.
Contents:

{
    "name": ,
    "btc_wallet": 0.00192734,
    "usd_wallet": 100.12
}
Processing by UsersController#update as */*
Completed 400 Bad Request in 1ms (ActiveRecord: 0.0ms (0 queries, 0 cached) | GC: 0.0ms)


  
ActionDispatch::Http::Parameters::ParseError (Error occurred while parsing request parameters)
Caused by: JSON::ParserError (unexpected token at '{
    "name": ,
    "btc_wallet"')

Information for: ActionDispatch::Http::Parameters::ParseError (Error occurred while parsing request parameters):
  
app/controllers/users_controller.rb:44:in 'UsersController#set_user'

Information for cause: JSON::ParserError (unexpected token at '{
    "name": ,
    "btc_wallet"'):
  
app/controllers/users_controller.rb:44:in 'UsersController#set_user'
  [1m[36mUser Load (46.0ms)[0m  [1m[34mSELECT "users".* FROM "users" /* loading for pp */ LIMIT 11 /*application='ApiTransaction'*/[0m
  [1m[36mUser Load (5.3ms)[0m  [1m[34mSELECT "users".* FROM "users" ORDER BY "users"."id" ASC LIMIT 1 /*application='ApiTransaction'*/[0m
  [1m[36mTransaction Load (1.6ms)[0m  [1m[34mSELECT "transactions".* FROM "transactions" WHERE (sender_id = id) /* loading for pp */ LIMIT 11 /*application='ApiTransaction'*/[0m
  [1m[36mUser Load (0.8ms)[0m  [1m[34mSELECT "users".* FROM "users" ORDER BY "users"."id" ASC LIMIT 1 /*application='ApiTransaction'*/[0m
  [1m[36mTransaction Load (0.8ms)[0m  [1m[34mSELECT "transactions".* FROM "transactions" WHERE (sender_id = id) /* loading for pp */ LIMIT 11 /*application='ApiTransaction'*/[0m
  [1m[36mUser Load (6.0ms)[0m  [1m[34mSELECT "users".* FROM "users" ORDER BY "users"."id" ASC LIMIT 1 /*application='ApiTransaction'*/[0m
  [1m[36mTransaction Load (0.6ms)[0m  [1m[34mSELECT "transactions".* FROM "transactions" WHERE (sender_id = id) /* loading for pp */ LIMIT 11 /*application='ApiTransaction'*/[0m
  [1m[35m (0.2ms)[0m  [1m[34mSELECT pg_try_advisory_lock(6519849918641668245) /*application='ApiTransaction'*/[0m
  [1m[36mActiveRecord::SchemaMigration Load (1.3ms)[0m  [1m[34mSELECT "schema_migrations"."version" FROM "schema_migrations" ORDER BY "schema_migrations"."version" ASC /*application='ApiTransaction'*/[0m
  [1m[36mActiveRecord::InternalMetadata Load (0.8ms)[0m  [1m[34mSELECT * FROM "ar_internal_metadata" WHERE "ar_internal_metadata"."key" = 'environment' ORDER BY "ar_internal_metadata"."key" ASC LIMIT 1 /*application='ApiTransaction'*/[0m
Migrating to CreateTransactions (20250522212627)
  [1m[36mTRANSACTION (0.1ms)[0m  [1m[35mBEGIN /*application='ApiTransaction'*/[0m
  [1m[35m (10.7ms)[0m  [1m[35mCREATE TABLE "transactions" ("id" bigserial primary key, "coin_to_send" character varying, "coin_to_receive" character varying, "amount_to_send" decimal, "amount_to_receive" decimal, "sender_id" bigint NOT NULL, "receiver_id" bigint NOT NULL, "created_at" timestamp(6) NOT NULL, "updated_at" timestamp(6) NOT NULL, CONSTRAINT "fk_rails_aa3b5f8d6f"
FOREIGN KEY ("sender_id")
  REFERENCES "senders" ("id")
, CONSTRAINT "fk_rails_d261c16c42"
FOREIGN KEY ("receiver_id")
  REFERENCES "receivers" ("id")
) /*application='ApiTransaction'*/[0m
  [1m[36mTRANSACTION (0.2ms)[0m  [1m[31mROLLBACK /*application='ApiTransaction'*/[0m
  [1m[35m (0.2ms)[0m  [1m[34mSELECT pg_advisory_unlock(6519849918641668245) /*application='ApiTransaction'*/[0m
  [1m[35m (0.2ms)[0m  [1m[34mSELECT pg_try_advisory_lock(6519849918641668245) /*application='ApiTransaction'*/[0m
  [1m[36mActiveRecord::SchemaMigration Load (1.5ms)[0m  [1m[34mSELECT "schema_migrations"."version" FROM "schema_migrations" ORDER BY "schema_migrations"."version" ASC /*application='ApiTransaction'*/[0m
  [1m[36mActiveRecord::InternalMetadata Load (0.9ms)[0m  [1m[34mSELECT * FROM "ar_internal_metadata" WHERE "ar_internal_metadata"."key" = 'environment' ORDER BY "ar_internal_metadata"."key" ASC LIMIT 1 /*application='ApiTransaction'*/[0m
Migrating to CreateTransactions (20250522212627)
  [1m[36mTRANSACTION (0.1ms)[0m  [1m[35mBEGIN /*application='ApiTransaction'*/[0m
  [1m[35m (8.0ms)[0m  [1m[35mCREATE TABLE "transactions" ("id" bigserial primary key, "coin_to_send" character varying, "coin_to_receive" character varying, "amount_to_send" decimal, "amount_to_receive" decimal, "sender_id" bigint NOT NULL, "receiver_id" bigint NOT NULL, "created_at" timestamp(6) NOT NULL, "updated_at" timestamp(6) NOT NULL) /*application='ApiTransaction'*/[0m
  [1m[35m (1.3ms)[0m  [1m[35mCREATE INDEX "index_transactions_on_sender_id" ON "transactions" ("sender_id") /*application='ApiTransaction'*/[0m
  [1m[35m (1.0ms)[0m  [1m[35mCREATE INDEX "index_transactions_on_receiver_id" ON "transactions" ("receiver_id") /*application='ApiTransaction'*/[0m
  [1m[35m (4.2ms)[0m  [1m[35mALTER TABLE "transactions" ADD CONSTRAINT "fk_rails_aa3b5f8d6f"
FOREIGN KEY ("sender_id")
  REFERENCES "users" ("id")
 /*application='ApiTransaction'*/[0m
  [1m[35m (0.7ms)[0m  [1m[35mALTER TABLE "transactions" ADD CONSTRAINT "fk_rails_d261c16c42"
FOREIGN KEY ("receiver_id")
  REFERENCES "users" ("id")
 /*application='ApiTransaction'*/[0m
  [1m[36mActiveRecord::SchemaMigration Create (0.2ms)[0m  [1m[32mINSERT INTO "schema_migrations" ("version") VALUES ('20250522212627') RETURNING "version" /*application='ApiTransaction'*/[0m
  [1m[36mTRANSACTION (0.4ms)[0m  [1m[35mCOMMIT /*application='ApiTransaction'*/[0m
  [1m[35m (0.4ms)[0m  [1m[34mSELECT pg_advisory_unlock(6519849918641668245) /*application='ApiTransaction'*/[0m
  [1m[36mActiveRecord::SchemaMigration Load (0.2ms)[0m  [1m[34mSELECT "schema_migrations"."version" FROM "schema_migrations" ORDER BY "schema_migrations"."version" ASC /*application='ApiTransaction'*/[0m
  [1m[36mUser Load (5.5ms)[0m  [1m[34mSELECT "users".* FROM "users" ORDER BY "users"."id" DESC LIMIT 1 /*application='ApiTransaction'*/[0m
  [1m[36mUser Load (0.7ms)[0m  [1m[34mSELECT "users".* FROM "users" ORDER BY "users"."id" DESC LIMIT 1 /*application='ApiTransaction'*/[0m
  [1m[36mTransaction Load (1.1ms)[0m  [1m[34mSELECT "transactions".* FROM "transactions" WHERE (sender_id = id) /* loading for pp */ LIMIT 11 /*application='ApiTransaction'*/[0m
  [1m[36mUser Load (33.8ms)[0m  [1m[34mSELECT "users".* FROM "users" /* loading for pp */ LIMIT 11 /*application='ApiTransaction'*/[0m
Started POST "/users" for ::1 at 2025-05-22 16:41:35 -0600
  [1m[36mActiveRecord::SchemaMigration Load (2.1ms)[0m  [1m[34mSELECT "schema_migrations"."version" FROM "schema_migrations" ORDER BY "schema_migrations"."version" ASC /*application='ApiTransaction'*/[0m
Processing by UsersController#create as */*
  Parameters: {"name" => "Alejandra", "btc_wallet" => 0.00192734, "usd_wallet" => 100.12, "user" => {"name" => "Alejandra", "btc_wallet" => 0.00192734, "usd_wallet" => 100.12}}
  [1m[36mTRANSACTION (0.1ms)[0m  [1m[35mBEGIN /*action='create',application='ApiTransaction',controller='users'*/[0m
  ↳ app/controllers/users_controller.rb:20:in 'UsersController#create'
  [1m[36mUser Create (3.5ms)[0m  [1m[32mINSERT INTO "users" ("name", "btc_wallet", "usd_wallet", "created_at", "updated_at") VALUES ('Alejandra', 0.00192734, 100.12, '2025-05-22 22:41:35.880707', '2025-05-22 22:41:35.880707') RETURNING "id" /*action='create',application='ApiTransaction',controller='users'*/[0m
  ↳ app/controllers/users_controller.rb:20:in 'UsersController#create'
  [1m[36mTRANSACTION (1.3ms)[0m  [1m[35mCOMMIT /*action='create',application='ApiTransaction',controller='users'*/[0m
  ↳ app/controllers/users_controller.rb:20:in 'UsersController#create'
Completed 201 Created in 38ms (Views: 2.7ms | ActiveRecord: 27.6ms (1 query, 0 cached) | GC: 0.0ms)


  [1m[36mUser Load (1.2ms)[0m  [1m[34mSELECT "users".* FROM "users" /* loading for pp */ LIMIT 11 /*application='ApiTransaction'*/[0m
Started POST "/transactions" for ::1 at 2025-05-22 16:42:00 -0600
Processing by TransactionsController#create as */*
  Parameters: {"sender_id" => 1, "receiver_id" => 2, "coin_to_send" => "usd", "coint_to_receive" => "btc", "amount_to_send" => 0.13, "transaction" => {"coin_to_send" => "usd", "amount_to_send" => 0.13, "sender_id" => 1, "receiver_id" => 2}}
  [1m[36mTRANSACTION (0.1ms)[0m  [1m[35mBEGIN /*action='create',application='ApiTransaction',controller='transactions'*/[0m
  ↳ app/controllers/transactions_controller.rb:20:in 'TransactionsController#create'
  [1m[36mUser Load (7.3ms)[0m  [1m[34mSELECT "users".* FROM "users" WHERE "users"."id" = 1 LIMIT 1 /*action='create',application='ApiTransaction',controller='transactions'*/[0m
  ↳ app/controllers/transactions_controller.rb:20:in 'TransactionsController#create'
  [1m[36mUser Load (0.3ms)[0m  [1m[34mSELECT "users".* FROM "users" WHERE "users"."id" = 2 LIMIT 1 /*action='create',application='ApiTransaction',controller='transactions'*/[0m
  ↳ app/controllers/transactions_controller.rb:20:in 'TransactionsController#create'
  [1m[36mTransaction Create (2.5ms)[0m  [1m[32mINSERT INTO "transactions" ("coin_to_send", "coin_to_receive", "amount_to_send", "amount_to_receive", "sender_id", "receiver_id", "created_at", "updated_at") VALUES ('usd', NULL, 0.13, NULL, 1, 2, '2025-05-22 22:42:01.050437', '2025-05-22 22:42:01.050437') RETURNING "id" /*action='create',application='ApiTransaction',controller='transactions'*/[0m
  ↳ app/controllers/transactions_controller.rb:20:in 'TransactionsController#create'
  [1m[36mTRANSACTION (0.3ms)[0m  [1m[35mCOMMIT /*action='create',application='ApiTransaction',controller='transactions'*/[0m
  ↳ app/controllers/transactions_controller.rb:20:in 'TransactionsController#create'
Completed 201 Created in 96ms (Views: 0.5ms | ActiveRecord: 12.9ms (3 queries, 0 cached) | GC: 0.0ms)


Started POST "/transactions" for ::1 at 2025-05-22 16:42:11 -0600
Processing by TransactionsController#create as */*
  Parameters: {"sender_id" => 1, "receiver_id" => 2, "coin_to_send" => "usd", "coin_to_receive" => "btc", "amount_to_send" => 0.13, "transaction" => {"coin_to_send" => "usd", "coin_to_receive" => "btc", "amount_to_send" => 0.13, "sender_id" => 1, "receiver_id" => 2}}
  [1m[36mTRANSACTION (0.1ms)[0m  [1m[35mBEGIN /*action='create',application='ApiTransaction',controller='transactions'*/[0m
  ↳ app/controllers/transactions_controller.rb:20:in 'TransactionsController#create'
  [1m[36mUser Load (0.9ms)[0m  [1m[34mSELECT "users".* FROM "users" WHERE "users"."id" = 1 LIMIT 1 /*action='create',application='ApiTransaction',controller='transactions'*/[0m
  ↳ app/controllers/transactions_controller.rb:20:in 'TransactionsController#create'
  [1m[36mUser Load (0.3ms)[0m  [1m[34mSELECT "users".* FROM "users" WHERE "users"."id" = 2 LIMIT 1 /*action='create',application='ApiTransaction',controller='transactions'*/[0m
  ↳ app/controllers/transactions_controller.rb:20:in 'TransactionsController#create'
  [1m[36mTransaction Create (0.5ms)[0m  [1m[32mINSERT INTO "transactions" ("coin_to_send", "coin_to_receive", "amount_to_send", "amount_to_receive", "sender_id", "receiver_id", "created_at", "updated_at") VALUES ('usd', 'btc', 0.13, NULL, 1, 2, '2025-05-22 22:42:11.677916', '2025-05-22 22:42:11.677916') RETURNING "id" /*action='create',application='ApiTransaction',controller='transactions'*/[0m
  ↳ app/controllers/transactions_controller.rb:20:in 'TransactionsController#create'
  [1m[36mTRANSACTION (0.5ms)[0m  [1m[35mCOMMIT /*action='create',application='ApiTransaction',controller='transactions'*/[0m
  ↳ app/controllers/transactions_controller.rb:20:in 'TransactionsController#create'
Completed 201 Created in 24ms (Views: 0.8ms | ActiveRecord: 2.4ms (3 queries, 0 cached) | GC: 1.1ms)


  [1m[36mTransaction Load (2.2ms)[0m  [1m[34mSELECT "transactions".* FROM "transactions" /* loading for pp */ LIMIT 11 /*application='ApiTransaction'*/[0m
  [1m[36mUser Load (1.0ms)[0m  [1m[34mSELECT "users".* FROM "users" ORDER BY "users"."id" ASC LIMIT 1 /*application='ApiTransaction'*/[0m
  [1m[36mUser Load (1.0ms)[0m  [1m[34mSELECT "users".* FROM "users" ORDER BY "users"."id" ASC LIMIT 1 /*application='ApiTransaction'*/[0m
  [1m[36mTransaction Load (0.6ms)[0m  [1m[34mSELECT "transactions".* FROM "transactions" WHERE (sender_id = id) /* loading for pp */ LIMIT 11 /*application='ApiTransaction'*/[0m
  [1m[36mTransaction Load (0.8ms)[0m  [1m[34mSELECT "transactions".* FROM "transactions" ORDER BY "transactions"."id" DESC LIMIT 1 /*application='ApiTransaction'*/[0m
  [1m[36mTransaction Load (0.7ms)[0m  [1m[34mSELECT "transactions".* FROM "transactions" ORDER BY "transactions"."id" DESC LIMIT 1 /*application='ApiTransaction'*/[0m
  [1m[36mTransaction Load (0.5ms)[0m  [1m[34mSELECT "transactions".* FROM "transactions" ORDER BY "transactions"."id" DESC LIMIT 1 /*application='ApiTransaction'*/[0m
  [1m[36mUser Load (0.7ms)[0m  [1m[34mSELECT "users".* FROM "users" WHERE "users"."id" = 1 LIMIT 1 /*application='ApiTransaction'*/[0m
Started GET "/transactions" for ::1 at 2025-05-23 06:22:29 -0600
  [1m[36mActiveRecord::SchemaMigration Load (1.1ms)[0m  [1m[34mSELECT "schema_migrations"."version" FROM "schema_migrations" ORDER BY "schema_migrations"."version" ASC /*application='ApiTransaction'*/[0m
Processing by TransactionsController#index as */*
  [1m[36mTransaction Load (13.3ms)[0m  [1m[34mSELECT "transactions".* FROM "transactions" /*action='index',application='ApiTransaction',controller='transactions'*/[0m
  ↳ app/controllers/transactions_controller.rb:8:in 'TransactionsController#index'
Completed 200 OK in 53ms (Views: 14.6ms | ActiveRecord: 23.9ms (1 query, 0 cached) | GC: 0.0ms)


Started POST "/transactions/1" for ::1 at 2025-05-23 06:43:44 -0600
  
ActionController::RoutingError (No route matches [POST] "/transactions/1"):
  
Started POST "/transaction/1" for ::1 at 2025-05-23 06:43:51 -0600
  
ActionController::RoutingError (No route matches [POST] "/transaction/1"):
  
Started GET "/transaction/1" for ::1 at 2025-05-23 06:43:56 -0600
  
ActionController::RoutingError (No route matches [GET] "/transaction/1"):
  
Started GET "/transactions/1" for ::1 at 2025-05-23 06:44:00 -0600
Processing by TransactionsController#show as */*
  Parameters: {"id" => "1"}
  [1m[36mTransaction Load (36.9ms)[0m  [1m[34mSELECT "transactions".* FROM "transactions" WHERE "transactions"."id" = 1 LIMIT 1 /*action='show',application='ApiTransaction',controller='transactions'*/[0m
  ↳ app/controllers/transactions_controller.rb:44:in 'TransactionsController#set_transaction'
Completed 200 OK in 69ms (Views: 9.4ms | ActiveRecord: 44.1ms (1 query, 0 cached) | GC: 0.0ms)


Started GET "/transactions/convert" for ::1 at 2025-05-23 08:20:48 -0600
  [1m[36mActiveRecord::SchemaMigration Load (1.2ms)[0m  [1m[34mSELECT "schema_migrations"."version" FROM "schema_migrations" ORDER BY "schema_migrations"."version" ASC /*application='ApiTransaction'*/[0m
Processing by TransactionsController#convert as */*
Completed 204 No Content in 308ms (ActiveRecord: 0.0ms (0 queries, 0 cached) | GC: 0.0ms)


Started POST "/transactions" for ::1 at 2025-05-23 08:28:18 -0600
Processing by TransactionsController#create as */*
  Parameters: {"sender_id" => 1, "receiver_id" => 2, "coin_to_send" => "usd", "coin_to_receive" => "btc", "amount_to_send" => 1000, "transaction" => {"coin_to_send" => "usd", "coin_to_receive" => "btc", "amount_to_send" => 1000, "sender_id" => 1, "receiver_id" => 2}}
  [1m[36mUser Load (0.5ms)[0m  [1m[34mSELECT "users".* FROM "users" WHERE "users"."id" = 1 LIMIT 1 /*action='create',application='ApiTransaction',controller='transactions'*/[0m
  ↳ app/controllers/transactions_controller.rb:21:in 'TransactionsController#create'
Completed 400 Bad Request in 66ms (Views: 0.2ms | ActiveRecord: 43.1ms (1 query, 0 cached) | GC: 10.6ms)


Started POST "/transactions" for ::1 at 2025-05-23 08:37:54 -0600
Processing by TransactionsController#create as */*
  Parameters: {"sender_id" => 1, "receiver_id" => 2, "coin_to_send" => "usd", "coin_to_receive" => "btc", "amount_to_send" => 10, "transaction" => {"coin_to_send" => "usd", "coin_to_receive" => "btc", "amount_to_send" => 10, "sender_id" => 1, "receiver_id" => 2}}
  [1m[36mUser Load (2.1ms)[0m  [1m[34mSELECT "users".* FROM "users" WHERE "users"."id" = 1 LIMIT 1 /*action='create',application='ApiTransaction',controller='transactions'*/[0m
  ↳ app/controllers/transactions_controller.rb:21:in 'TransactionsController#create'
Completed 500 Internal Server Error in 26ms (ActiveRecord: 10.0ms (1 query, 0 cached) | GC: 0.0ms)


  
NoMethodError (undefined method 'coint_to_receive' for an instance of Transaction):
  
app/controllers/transactions_controller.rb:29:in 'TransactionsController#create'
Started POST "/transactions" for ::1 at 2025-05-23 08:38:36 -0600
Processing by TransactionsController#create as */*
  Parameters: {"sender_id" => 1, "receiver_id" => 2, "coin_to_send" => "usd", "coin_to_receive" => "btc", "amount_to_send" => 10, "transaction" => {"coin_to_send" => "usd", "coin_to_receive" => "btc", "amount_to_send" => 10, "sender_id" => 1, "receiver_id" => 2}}
  [1m[36mUser Load (0.4ms)[0m  [1m[34mSELECT "users".* FROM "users" WHERE "users"."id" = 1 LIMIT 1 /*action='create',application='ApiTransaction',controller='transactions'*/[0m
  ↳ app/controllers/transactions_controller.rb:21:in 'TransactionsController#create'
Completed 500 Internal Server Error in 41ms (ActiveRecord: 12.3ms (1 query, 0 cached) | GC: 0.0ms)


  
TypeError (nil can't be coerced into Integer):
  
app/controllers/transactions_controller.rb:41:in 'Integer#/'
app/controllers/transactions_controller.rb:41:in 'TransactionsController#create'
Started POST "/transactions" for ::1 at 2025-05-23 08:39:12 -0600
Processing by TransactionsController#create as */*
  Parameters: {"sender_id" => 1, "receiver_id" => 2, "coin_to_send" => "usd", "coin_to_receive" => "btc", "amount_to_send" => 10, "transaction" => {"coin_to_send" => "usd", "coin_to_receive" => "btc", "amount_to_send" => 10, "sender_id" => 1, "receiver_id" => 2}}
  [1m[36mUser Load (0.4ms)[0m  [1m[34mSELECT "users".* FROM "users" WHERE "users"."id" = 1 LIMIT 1 /*action='create',application='ApiTransaction',controller='transactions'*/[0m
  ↳ app/controllers/transactions_controller.rb:21:in 'TransactionsController#create'
  [1m[36mCACHE User Load (0.4ms)[0m  [1m[34mSELECT "users".* FROM "users" WHERE "users"."id" = 1 LIMIT 1[0m
  ↳ app/controllers/transactions_controller.rb:49:in 'TransactionsController#create'
  [1m[36mTRANSACTION (0.1ms)[0m  [1m[35mBEGIN /*action='create',application='ApiTransaction',controller='transactions'*/[0m
  ↳ app/controllers/transactions_controller.rb:49:in 'TransactionsController#create'
  [1m[36mUser Load (2.2ms)[0m  [1m[34mSELECT "users".* FROM "users" WHERE "users"."id" = 2 LIMIT 1 /*action='create',application='ApiTransaction',controller='transactions'*/[0m
  ↳ app/controllers/transactions_controller.rb:49:in 'TransactionsController#create'
  [1m[36mTransaction Create (0.8ms)[0m  [1m[32mINSERT INTO "transactions" ("coin_to_send", "coin_to_receive", "amount_to_send", "amount_to_receive", "sender_id", "receiver_id", "created_at", "updated_at") VALUES ('usd', 'btc', 10.0, 100.0, 1, 2, '2025-05-23 14:39:13.000708', '2025-05-23 14:39:13.000708') RETURNING "id" /*action='create',application='ApiTransaction',controller='transactions'*/[0m
  ↳ app/controllers/transactions_controller.rb:49:in 'TransactionsController#create'
  [1m[36mTRANSACTION (0.8ms)[0m  [1m[35mCOMMIT /*action='create',application='ApiTransaction',controller='transactions'*/[0m
  ↳ app/controllers/transactions_controller.rb:49:in 'TransactionsController#create'
Completed 201 Created in 87ms (Views: 1.7ms | ActiveRecord: 11.8ms (4 queries, 1 cached) | GC: 0.0ms)


Started POST "/transactions" for ::1 at 2025-05-23 08:39:39 -0600
Processing by TransactionsController#create as */*
  Parameters: {"sender_id" => 1, "receiver_id" => 2, "coin_to_send" => "usd", "coin_to_receive" => "btc", "amount_to_send" => 10, "transaction" => {"coin_to_send" => "usd", "coin_to_receive" => "btc", "amount_to_send" => 10, "sender_id" => 1, "receiver_id" => 2}}
Filter chain halted as :convert rendered or redirected
Completed 200 OK in 331ms (Views: 0.3ms | ActiveRecord: 1.5ms (0 queries, 0 cached) | GC: 0.0ms)


Started POST "/transactions" for ::1 at 2025-05-23 08:39:53 -0600
Processing by TransactionsController#create as */*
  Parameters: {"sender_id" => 1, "receiver_id" => 2, "coin_to_send" => "usd", "coin_to_receive" => "btc", "amount_to_send" => 10, "transaction" => {"coin_to_send" => "usd", "coin_to_receive" => "btc", "amount_to_send" => 10, "sender_id" => 1, "receiver_id" => 2}}
  [1m[36mUser Load (0.4ms)[0m  [1m[34mSELECT "users".* FROM "users" WHERE "users"."id" = 1 LIMIT 1 /*action='create',application='ApiTransaction',controller='transactions'*/[0m
  ↳ app/controllers/transactions_controller.rb:21:in 'TransactionsController#create'
  [1m[36mCACHE User Load (0.2ms)[0m  [1m[34mSELECT "users".* FROM "users" WHERE "users"."id" = 1 LIMIT 1[0m
  ↳ app/controllers/transactions_controller.rb:49:in 'TransactionsController#create'
  [1m[36mTRANSACTION (0.2ms)[0m  [1m[35mBEGIN /*action='create',application='ApiTransaction',controller='transactions'*/[0m
  ↳ app/controllers/transactions_controller.rb:49:in 'TransactionsController#create'
  [1m[36mUser Load (1.7ms)[0m  [1m[34mSELECT "users".* FROM "users" WHERE "users"."id" = 2 LIMIT 1 /*action='create',application='ApiTransaction',controller='transactions'*/[0m
  ↳ app/controllers/transactions_controller.rb:49:in 'TransactionsController#create'
  [1m[36mTransaction Create (0.7ms)[0m  [1m[32mINSERT INTO "transactions" ("coin_to_send", "coin_to_receive", "amount_to_send", "amount_to_receive", "sender_id", "receiver_id", "created_at", "updated_at") VALUES ('usd', 'btc', 10.0, 0.0, 1, 2, '2025-05-23 14:39:54.186955', '2025-05-23 14:39:54.186955') RETURNING "id" /*action='create',application='ApiTransaction',controller='transactions'*/[0m
  ↳ app/controllers/transactions_controller.rb:49:in 'TransactionsController#create'
  [1m[36mTRANSACTION (1.4ms)[0m  [1m[35mCOMMIT /*action='create',application='ApiTransaction',controller='transactions'*/[0m
  ↳ app/controllers/transactions_controller.rb:49:in 'TransactionsController#create'
Completed 201 Created in 352ms (Views: 1.9ms | ActiveRecord: 10.2ms (4 queries, 1 cached) | GC: 0.0ms)


Started POST "/transactions" for ::1 at 2025-05-23 08:40:56 -0600
Processing by TransactionsController#create as */*
  Parameters: {"sender_id" => 1, "receiver_id" => 2, "coin_to_send" => "usd", "coin_to_receive" => "btc", "amount_to_send" => 10, "transaction" => {"coin_to_send" => "usd", "coin_to_receive" => "btc", "amount_to_send" => 10, "sender_id" => 1, "receiver_id" => 2}}
  [1m[36mUser Load (0.4ms)[0m  [1m[34mSELECT "users".* FROM "users" WHERE "users"."id" = 1 LIMIT 1 /*action='create',application='ApiTransaction',controller='transactions'*/[0m
  ↳ app/controllers/transactions_controller.rb:21:in 'TransactionsController#create'
  [1m[36mCACHE User Load (0.0ms)[0m  [1m[34mSELECT "users".* FROM "users" WHERE "users"."id" = 1 LIMIT 1[0m
  ↳ app/controllers/transactions_controller.rb:50:in 'TransactionsController#create'
  [1m[36mTRANSACTION (0.2ms)[0m  [1m[35mBEGIN /*action='create',application='ApiTransaction',controller='transactions'*/[0m
  ↳ app/controllers/transactions_controller.rb:50:in 'TransactionsController#create'
  [1m[36mUser Load (1.5ms)[0m  [1m[34mSELECT "users".* FROM "users" WHERE "users"."id" = 2 LIMIT 1 /*action='create',application='ApiTransaction',controller='transactions'*/[0m
  ↳ app/controllers/transactions_controller.rb:50:in 'TransactionsController#create'
  [1m[36mTransaction Create (0.7ms)[0m  [1m[32mINSERT INTO "transactions" ("coin_to_send", "coin_to_receive", "amount_to_send", "amount_to_receive", "sender_id", "receiver_id", "created_at", "updated_at") VALUES ('usd', 'btc', 10.0, 0.0, 1, 2, '2025-05-23 14:40:56.965477', '2025-05-23 14:40:56.965477') RETURNING "id" /*action='create',application='ApiTransaction',controller='transactions'*/[0m
  ↳ app/controllers/transactions_controller.rb:50:in 'TransactionsController#create'
  [1m[36mTRANSACTION (1.6ms)[0m  [1m[35mCOMMIT /*action='create',application='ApiTransaction',controller='transactions'*/[0m
  ↳ app/controllers/transactions_controller.rb:50:in 'TransactionsController#create'
Completed 500 Internal Server Error in 384ms (Views: 0.3ms | ActiveRecord: 10.9ms (4 queries, 1 cached) | GC: 3.4ms)


  
AbstractController::DoubleRenderError (Render and/or redirect were called multiple times in this action. Please note that you may only call render OR redirect, and at most once per action. Also note that neither redirect nor render terminate execution of the action, so if you want to exit an action after redirecting, you need to do something like "redirect_to(...); return".):
  
app/controllers/transactions_controller.rb:51:in 'TransactionsController#create'
Started POST "/transactions" for ::1 at 2025-05-23 08:41:29 -0600
Processing by TransactionsController#create as */*
  Parameters: {"sender_id" => 1, "receiver_id" => 2, "coin_to_send" => "usd", "coin_to_receive" => "btc", "amount_to_send" => 10, "transaction" => {"coin_to_send" => "usd", "coin_to_receive" => "btc", "amount_to_send" => 10, "sender_id" => 1, "receiver_id" => 2}}
  [1m[36mUser Load (0.4ms)[0m  [1m[34mSELECT "users".* FROM "users" WHERE "users"."id" = 1 LIMIT 1 /*action='create',application='ApiTransaction',controller='transactions'*/[0m
  ↳ app/controllers/transactions_controller.rb:21:in 'TransactionsController#create'
  [1m[36mCACHE User Load (0.0ms)[0m  [1m[34mSELECT "users".* FROM "users" WHERE "users"."id" = 1 LIMIT 1[0m
  ↳ app/controllers/transactions_controller.rb:51:in 'TransactionsController#create'
  [1m[36mTRANSACTION (0.3ms)[0m  [1m[35mBEGIN /*action='create',application='ApiTransaction',controller='transactions'*/[0m
  ↳ app/controllers/transactions_controller.rb:51:in 'TransactionsController#create'
  [1m[36mUser Load (1.7ms)[0m  [1m[34mSELECT "users".* FROM "users" WHERE "users"."id" = 2 LIMIT 1 /*action='create',application='ApiTransaction',controller='transactions'*/[0m
  ↳ app/controllers/transactions_controller.rb:51:in 'TransactionsController#create'
  [1m[36mTransaction Create (0.9ms)[0m  [1m[32mINSERT INTO "transactions" ("coin_to_send", "coin_to_receive", "amount_to_send", "amount_to_receive", "sender_id", "receiver_id", "created_at", "updated_at") VALUES ('usd', 'btc', 10.0, 0.0, 1, 2, '2025-05-23 14:41:30.093790', '2025-05-23 14:41:30.093790') RETURNING "id" /*action='create',application='ApiTransaction',controller='transactions'*/[0m
  ↳ app/controllers/transactions_controller.rb:51:in 'TransactionsController#create'
  [1m[36mTRANSACTION (0.6ms)[0m  [1m[35mCOMMIT /*action='create',application='ApiTransaction',controller='transactions'*/[0m
  ↳ app/controllers/transactions_controller.rb:51:in 'TransactionsController#create'
Completed 500 Internal Server Error in 402ms (Views: 0.5ms | ActiveRecord: 14.3ms (4 queries, 1 cached) | GC: 5.5ms)


  
AbstractController::DoubleRenderError (Render and/or redirect were called multiple times in this action. Please note that you may only call render OR redirect, and at most once per action. Also note that neither redirect nor render terminate execution of the action, so if you want to exit an action after redirecting, you need to do something like "redirect_to(...); return".):
  
app/controllers/transactions_controller.rb:52:in 'TransactionsController#create'
Started POST "/transactions" for ::1 at 2025-05-23 08:42:48 -0600
Processing by TransactionsController#create as */*
  Parameters: {"sender_id" => 1, "receiver_id" => 2, "coin_to_send" => "usd", "coin_to_receive" => "btc", "amount_to_send" => 10, "transaction" => {"coin_to_send" => "usd", "coin_to_receive" => "btc", "amount_to_send" => 10, "sender_id" => 1, "receiver_id" => 2}}
  [1m[36mUser Load (0.4ms)[0m  [1m[34mSELECT "users".* FROM "users" WHERE "users"."id" = 1 LIMIT 1 /*action='create',application='ApiTransaction',controller='transactions'*/[0m
  ↳ app/controllers/transactions_controller.rb:21:in 'TransactionsController#create'
  [1m[36mCACHE User Load (0.0ms)[0m  [1m[34mSELECT "users".* FROM "users" WHERE "users"."id" = 1 LIMIT 1[0m
  ↳ app/controllers/transactions_controller.rb:48:in 'TransactionsController#create'
  [1m[36mTRANSACTION (0.2ms)[0m  [1m[35mBEGIN /*action='create',application='ApiTransaction',controller='transactions'*/[0m
  ↳ app/controllers/transactions_controller.rb:48:in 'TransactionsController#create'
  [1m[36mUser Load (5.2ms)[0m  [1m[34mSELECT "users".* FROM "users" WHERE "users"."id" = 2 LIMIT 1 /*action='create',application='ApiTransaction',controller='transactions'*/[0m
  ↳ app/controllers/transactions_controller.rb:48:in 'TransactionsController#create'
  [1m[36mTransaction Create (0.8ms)[0m  [1m[32mINSERT INTO "transactions" ("coin_to_send", "coin_to_receive", "amount_to_send", "amount_to_receive", "sender_id", "receiver_id", "created_at", "updated_at") VALUES ('usd', 'btc', 10.0, 0.00009111202223133343, 1, 2, '2025-05-23 14:42:48.992214', '2025-05-23 14:42:48.992214') RETURNING "id" /*action='create',application='ApiTransaction',controller='transactions'*/[0m
  ↳ app/controllers/transactions_controller.rb:48:in 'TransactionsController#create'
  [1m[36mTRANSACTION (1.2ms)[0m  [1m[35mCOMMIT /*action='create',application='ApiTransaction',controller='transactions'*/[0m
  ↳ app/controllers/transactions_controller.rb:48:in 'TransactionsController#create'
Completed 201 Created in 388ms (Views: 2.5ms | ActiveRecord: 16.1ms (4 queries, 1 cached) | GC: 2.3ms)


Started POST "/transactions" for ::1 at 2025-05-23 08:43:23 -0600
Processing by TransactionsController#create as */*
  Parameters: {"sender_id" => 1, "receiver_id" => 2, "coin_to_send" => "btc", "coin_to_receive" => "usd", "amount_to_send" => 0.00192734, "transaction" => {"coin_to_send" => "btc", "coin_to_receive" => "usd", "amount_to_send" => 0.00192734, "sender_id" => 1, "receiver_id" => 2}}
  [1m[36mUser Load (0.8ms)[0m  [1m[34mSELECT "users".* FROM "users" WHERE "users"."id" = 1 LIMIT 1 /*action='create',application='ApiTransaction',controller='transactions'*/[0m
  ↳ app/controllers/transactions_controller.rb:21:in 'TransactionsController#create'
  [1m[36mCACHE User Load (0.0ms)[0m  [1m[34mSELECT "users".* FROM "users" WHERE "users"."id" = 1 LIMIT 1[0m
  ↳ app/controllers/transactions_controller.rb:48:in 'TransactionsController#create'
  [1m[36mTRANSACTION (0.2ms)[0m  [1m[35mBEGIN /*action='create',application='ApiTransaction',controller='transactions'*/[0m
  ↳ app/controllers/transactions_controller.rb:48:in 'TransactionsController#create'
  [1m[36mUser Load (1.8ms)[0m  [1m[34mSELECT "users".* FROM "users" WHERE "users"."id" = 2 LIMIT 1 /*action='create',application='ApiTransaction',controller='transactions'*/[0m
  ↳ app/controllers/transactions_controller.rb:48:in 'TransactionsController#create'
  [1m[36mTransaction Create (0.8ms)[0m  [1m[32mINSERT INTO "transactions" ("coin_to_send", "coin_to_receive", "amount_to_send", "amount_to_receive", "sender_id", "receiver_id", "created_at", "updated_at") VALUES ('btc', 'usd', 0.00192734, 211.5352017, 1, 2, '2025-05-23 14:43:23.642853', '2025-05-23 14:43:23.642853') RETURNING "id" /*action='create',application='ApiTransaction',controller='transactions'*/[0m
  ↳ app/controllers/transactions_controller.rb:48:in 'TransactionsController#create'
  [1m[36mTRANSACTION (0.8ms)[0m  [1m[35mCOMMIT /*action='create',application='ApiTransaction',controller='transactions'*/[0m
  ↳ app/controllers/transactions_controller.rb:48:in 'TransactionsController#create'
Completed 201 Created in 354ms (Views: 3.5ms | ActiveRecord: 4.6ms (4 queries, 1 cached) | GC: 0.9ms)


Started POST "/users" for ::1 at 2025-05-23 08:43:40 -0600
Processing by UsersController#create as */*
  Parameters: {"name" => "Yazmin", "btc_wallet" => 12, "usd_wallet" => 100.12, "user" => {"name" => "Yazmin", "btc_wallet" => 12, "usd_wallet" => 100.12}}
  [1m[36mTRANSACTION (0.1ms)[0m  [1m[35mBEGIN /*action='create',application='ApiTransaction',controller='users'*/[0m
  ↳ app/controllers/users_controller.rb:20:in 'UsersController#create'
  [1m[36mUser Create (1.5ms)[0m  [1m[32mINSERT INTO "users" ("name", "btc_wallet", "usd_wallet", "created_at", "updated_at") VALUES ('Yazmin', 12.0, 100.12, '2025-05-23 14:43:40.898708', '2025-05-23 14:43:40.898708') RETURNING "id" /*action='create',application='ApiTransaction',controller='users'*/[0m
  ↳ app/controllers/users_controller.rb:20:in 'UsersController#create'
  [1m[36mTRANSACTION (0.3ms)[0m  [1m[35mCOMMIT /*action='create',application='ApiTransaction',controller='users'*/[0m
  ↳ app/controllers/users_controller.rb:20:in 'UsersController#create'
Completed 201 Created in 23ms (Views: 1.3ms | ActiveRecord: 1.9ms (1 query, 0 cached) | GC: 0.2ms)


Started POST "/transactions" for ::1 at 2025-05-23 08:44:11 -0600
Processing by TransactionsController#create as */*
  Parameters: {"sender_id" => 3, "receiver_id" => 2, "coin_to_send" => "btc", "coin_to_receive" => "usd", "amount_to_send" => 3, "transaction" => {"coin_to_send" => "btc", "coin_to_receive" => "usd", "amount_to_send" => 3, "sender_id" => 3, "receiver_id" => 2}}
  [1m[36mUser Load (0.9ms)[0m  [1m[34mSELECT "users".* FROM "users" WHERE "users"."id" = 3 LIMIT 1 /*action='create',application='ApiTransaction',controller='transactions'*/[0m
  ↳ app/controllers/transactions_controller.rb:21:in 'TransactionsController#create'
  [1m[36mCACHE User Load (0.0ms)[0m  [1m[34mSELECT "users".* FROM "users" WHERE "users"."id" = 3 LIMIT 1[0m
  ↳ app/controllers/transactions_controller.rb:48:in 'TransactionsController#create'
  [1m[36mTRANSACTION (0.2ms)[0m  [1m[35mBEGIN /*action='create',application='ApiTransaction',controller='transactions'*/[0m
  ↳ app/controllers/transactions_controller.rb:48:in 'TransactionsController#create'
  [1m[36mUser Load (2.3ms)[0m  [1m[34mSELECT "users".* FROM "users" WHERE "users"."id" = 2 LIMIT 1 /*action='create',application='ApiTransaction',controller='transactions'*/[0m
  ↳ app/controllers/transactions_controller.rb:48:in 'TransactionsController#create'
  [1m[36mTransaction Create (1.7ms)[0m  [1m[32mINSERT INTO "transactions" ("coin_to_send", "coin_to_receive", "amount_to_send", "amount_to_receive", "sender_id", "receiver_id", "created_at", "updated_at") VALUES ('btc', 'usd', 3.0, 329256.0, 3, 2, '2025-05-23 14:44:11.487885', '2025-05-23 14:44:11.487885') RETURNING "id" /*action='create',application='ApiTransaction',controller='transactions'*/[0m
  ↳ app/controllers/transactions_controller.rb:48:in 'TransactionsController#create'
  [1m[36mTRANSACTION (0.8ms)[0m  [1m[35mCOMMIT /*action='create',application='ApiTransaction',controller='transactions'*/[0m
  ↳ app/controllers/transactions_controller.rb:48:in 'TransactionsController#create'
Completed 201 Created in 443ms (Views: 1.3ms | ActiveRecord: 5.9ms (4 queries, 1 cached) | GC: 1.0ms)


